::1 - - [17/May/2020:08:09:27 +0000] "GET /coffee/5 HTTP/1.1" 200 140 "-" "PostmanRuntime/7.24.1"
::1 - - [17/May/2020:08:09:31 +0000] "GET /coffee/1 HTTP/1.1" 200 140 "-" "PostmanRuntime/7.24.1"
::1 - - [17/May/2020:08:09:34 +0000] "GET /coffee/ HTTP/1.1" 200 699 "-" "PostmanRuntime/7.24.1"
::1 - - [17/May/2020:08:11:08 +0000] "GET /coffee/ HTTP/1.1" 200 699 "-" "PostmanRuntime/7.24.1"
::1 - - [17/May/2020:08:11:13 +0000] "GET /coffee/1 HTTP/1.1" 200 140 "-" "PostmanRuntime/7.24.1"
::1 - - [17/May/2020:08:11:16 +0000] "GET /coffee/2 HTTP/1.1" 200 147 "-" "PostmanRuntime/7.24.1"
::1 - - [17/May/2020:08:12:21 +0000] "GET /coffee/2 HTTP/1.1" 200 147 "-" "PostmanRuntime/7.24.1"
::1 - - [17/May/2020:08:12:24 +0000] "GET /coffee/1 HTTP/1.1" 200 140 "-" "PostmanRuntime/7.24.1"
::1 - - [17/May/2020:08:12:27 +0000] "GET /coffee/3 HTTP/1.1" 200 137 "-" "PostmanRuntime/7.24.1"
::1 - - [17/May/2020:08:17:50 +0000] "GET /coffee/3 HTTP/1.1" 200 137 "-" "PostmanRuntime/7.24.1"
::ffff:127.0.0.1 - - [17/May/2020:09:12:56 +0000] "GET /test HTTP/1.1" 200 19 "-" "node-superagent/3.8.3"
::ffff:127.0.0.1 - - [17/May/2020:09:13:15 +0000] "GET /test HTTP/1.1" 200 19 "-" "node-superagent/3.8.3"
::ffff:127.0.0.1 - - [17/May/2020:09:13:22 +0000] "GET /test HTTP/1.1" 200 19 "-" "node-superagent/3.8.3"
::ffff:127.0.0.1 - - [17/May/2020:09:13:36 +0000] "GET /test HTTP/1.1" 200 19 "-" "node-superagent/3.8.3"
::1 - - [17/May/2020:18:47:56 +0000] "GET /coffee/search/container/Espresso%20Cup HTTP/1.1" 200 286 "-" "PostmanRuntime/7.24.1"
::1 - - [17/May/2020:23:07:16 +0000] "POST /auth HTTP/1.1" 400 1100 "-" "PostmanRuntime/7.24.1"
::1 - - [17/May/2020:23:08:49 +0000] "POST /auth HTTP/1.1" - - "-" "PostmanRuntime/7.24.1"
::1 - - [17/May/2020:23:09:17 +0000] "POST /auth HTTP/1.1" - - "-" "PostmanRuntime/7.24.1"
::1 - - [17/May/2020:23:09:32 +0000] "POST /auth HTTP/1.1" - - "-" "PostmanRuntime/7.24.1"
::1 - - [17/May/2020:23:11:20 +0000] "POST /auth HTTP/1.1" - - "-" "PostmanRuntime/7.24.1"
::1 - - [17/May/2020:23:13:09 +0000] "POST /auth HTTP/1.1" 400 1100 "-" "PostmanRuntime/7.24.1"
::1 - - [17/May/2020:23:13:27 +0000] "GET /coffee HTTP/1.1" 400 1100 "-" "PostmanRuntime/7.24.1"
::1 - - [17/May/2020:23:14:01 +0000] "GET /coffee HTTP/1.1" 400 1100 "-" "PostmanRuntime/7.24.1"
::1 - - [17/May/2020:23:14:09 +0000] "GET /coffee HTTP/1.1" 200 699 "-" "PostmanRuntime/7.24.1"
::1 - - [17/May/2020:23:15:32 +0000] "POST /auth HTTP/1.1" - - "-" "PostmanRuntime/7.24.1"
::1 - - [17/May/2020:23:16:20 +0000] "POST /auth HTTP/1.1" - - "-" "PostmanRuntime/7.24.1"
::1 - - [17/May/2020:23:17:24 +0000] "POST /auth HTTP/1.1" - - "-" "PostmanRuntime/7.24.1"
::1 - - [17/May/2020:23:38:07 +0000] "POST /auth HTTP/1.1" - - "-" "PostmanRuntime/7.24.1"
::1 - - [17/May/2020:23:43:18 +0000] "POST /auth HTTP/1.1" 200 2 "-" "PostmanRuntime/7.24.1"
::1 - - [17/May/2020:23:44:07 +0000] "POST /auth HTTP/1.1" 200 2 "-" "PostmanRuntime/7.24.1"
::1 - - [17/May/2020:23:44:30 +0000] "POST /auth HTTP/1.1" 200 56 "-" "PostmanRuntime/7.24.1"
::1 - - [17/May/2020:23:44:41 +0000] "POST /auth HTTP/1.1" 200 21 "-" "PostmanRuntime/7.24.1"
::1 - - [17/May/2020:23:44:48 +0000] "POST /auth HTTP/1.1" 200 19 "-" "PostmanRuntime/7.24.1"
::1 - - [17/May/2020:23:46:03 +0000] "POST /auth HTTP/1.1" 200 19 "-" "PostmanRuntime/7.24.1"
::1 - - [18/May/2020:15:31:21 +0000] "GET /coffee HTTP/1.1" 200 665 "-" "PostmanRuntime/7.24.1"
::1 - - [18/May/2020:15:31:43 +0000] "GET /coffee/3 HTTP/1.1" 200 2 "-" "PostmanRuntime/7.24.1"
::1 - - [18/May/2020:15:31:45 +0000] "GET /coffee/3 HTTP/1.1" 200 2 "-" "PostmanRuntime/7.24.1"
::1 - - [18/May/2020:15:34:32 +0000] "GET /coffee/3 HTTP/1.1" 200 137 "-" "PostmanRuntime/7.24.1"
::1 - - [18/May/2020:15:35:37 +0000] "GET /coffee/search/container/Espresso%20Cup HTTP/1.1" 200 286 "-" "PostmanRuntime/7.24.1"
::1 - - [18/May/2020:15:39:54 +0000] "POST /coffee/ HTTP/1.1" 201 8 "-" "PostmanRuntime/7.24.1"
::1 - - [18/May/2020:15:40:37 +0000] "POST /coffee/ HTTP/1.1" 201 8 "-" "PostmanRuntime/7.24.1"
::1 - - [18/May/2020:15:41:26 +0000] "POST /coffee/ HTTP/1.1" 201 138 "-" "PostmanRuntime/7.24.1"
::1 - - [18/May/2020:15:45:40 +0000] "POST /coffee/ HTTP/1.1" 201 138 "-" "PostmanRuntime/7.24.1"
::1 - - [18/May/2020:15:46:09 +0000] "POST /coffee/ HTTP/1.1" 201 141 "-" "PostmanRuntime/7.24.1"
::1 - - [18/May/2020:15:46:53 +0000] "DELETE /coffee/7 HTTP/1.1" 200 58 "-" "PostmanRuntime/7.24.1"
::1 - - [18/May/2020:15:47:09 +0000] "POST /coffee/7 HTTP/1.1" 201 113 "-" "PostmanRuntime/7.24.1"
::1 - - [18/May/2020:15:47:26 +0000] "POST /coffee/6 HTTP/1.1" 201 141 "-" "PostmanRuntime/7.24.1"
::1 - - [18/May/2020:15:48:25 +0000] "DELETE /coffee/6 HTTP/1.1" 200 58 "-" "PostmanRuntime/7.24.1"
::1 - - [19/May/2020:21:05:29 +0000] "GET /coffee/ HTTP/1.1" 200 699 "-" "PostmanRuntime/7.24.1"
::1 - - [19/May/2020:21:22:01 +0000] "GET /coffee/ HTTP/1.1" 200 699 "-" "PostmanRuntime/7.24.1"
::1 - - [19/May/2020:22:55:46 +0000] "GET /coffee/ HTTP/1.1" 200 699 "-" "PostmanRuntime/7.24.1"
::1 - - [19/May/2020:22:56:28 +0000] "GET /coffee/ HTTP/1.1" 200 699 "-" "PostmanRuntime/7.24.1"
::1 - - [19/May/2020:23:06:38 +0000] "GET /coffee/ HTTP/1.1" - - "-" "PostmanRuntime/7.24.1"
::1 - - [20/May/2020:02:31:16 +0000] "GET /coffee/ HTTP/1.1" 200 699 "-" "PostmanRuntime/7.24.1"
::1 - - [20/May/2020:03:18:19 +0000] "POST /auth/ HTTP/1.1" 400 1061 "-" "PostmanRuntime/7.24.1"
::1 - - [20/May/2020:03:18:33 +0000] "POST /auth/ HTTP/1.1" 200 56 "-" "PostmanRuntime/7.24.1"
::1 - - [20/May/2020:03:50:33 +0000] "POST /auth/ HTTP/1.1" 200 56 "-" "PostmanRuntime/7.24.1"
::1 - - [20/May/2020:03:55:00 +0000] "POST /auth/ HTTP/1.1" 200 56 "-" "PostmanRuntime/7.24.1"
::1 - - [20/May/2020:03:55:21 +0000] "GET /auth/ HTTP/1.1" 200 56 "-" "PostmanRuntime/7.24.1"
::1 - - [20/May/2020:03:57:20 +0000] "GET /auth/ HTTP/1.1" 200 56 "-" "PostmanRuntime/7.24.1"
::1 - - [20/May/2020:03:58:58 +0000] "GET /auth/ HTTP/1.1" 404 144 "-" "PostmanRuntime/7.24.1"
::1 - - [20/May/2020:03:59:17 +0000] "POST /auth/ HTTP/1.1" 200 56 "-" "PostmanRuntime/7.24.1"
::1 - - [20/May/2020:04:00:47 +0000] "POST /auth/ HTTP/1.1" 200 56 "-" "PostmanRuntime/7.24.1"
::1 - - [20/May/2020:04:01:25 +0000] "POST /auth/ HTTP/1.1" 200 21 "-" "PostmanRuntime/7.24.1"
::1 - - [20/May/2020:04:04:38 +0000] "POST /auth/ HTTP/1.1" 200 56 "-" "PostmanRuntime/7.24.1"
::1 - - [20/May/2020:04:04:54 +0000] "POST /auth/logout HTTP/1.1" 200 19 "-" "PostmanRuntime/7.24.1"
::1 - - [20/May/2020:04:05:01 +0000] "POST /auth HTTP/1.1" 200 56 "-" "PostmanRuntime/7.24.1"
::1 - - [20/May/2020:04:05:19 +0000] "POST /auth HTTP/1.1" 200 21 "-" "PostmanRuntime/7.24.1"
::1 - - [20/May/2020:04:05:25 +0000] "POST /auth HTTP/1.1" 200 21 "-" "PostmanRuntime/7.24.1"
::1 - - [20/May/2020:04:05:31 +0000] "POST /auth HTTP/1.1" 200 19 "-" "PostmanRuntime/7.24.1"
::1 - - [20/May/2020:04:07:24 +0000] "POST /auth HTTP/1.1" 200 56 "-" "PostmanRuntime/7.24.1"
::1 - - [20/May/2020:04:09:19 +0000] "POST /auth HTTP/1.1" 200 79 "-" "PostmanRuntime/7.24.1"
::1 - - [20/May/2020:15:20:25 +0000] "POST /auth/ HTTP/1.1" 200 79 "-" "PostmanRuntime/7.24.1"
::1 - - [20/May/2020:15:20:49 +0000] "GET /coffee HTTP/1.1" 200 699 "-" "PostmanRuntime/7.24.1"
::1 - - [20/May/2020:15:24:22 +0000] "GET /auth/ HTTP/1.1" 404 144 "-" "PostmanRuntime/7.24.1"
::1 - - [20/May/2020:15:24:28 +0000] "POST /auth/ HTTP/1.1" 200 19 "-" "PostmanRuntime/7.24.1"
::1 - - [20/May/2020:15:24:35 +0000] "POST /auth/ HTTP/1.1" 200 19 "-" "PostmanRuntime/7.24.1"
::1 - - [20/May/2020:15:24:39 +0000] "POST /auth/ HTTP/1.1" 200 21 "-" "PostmanRuntime/7.24.1"
::1 - - [20/May/2020:15:24:43 +0000] "POST /auth/ HTTP/1.1" 200 80 "-" "PostmanRuntime/7.24.1"
::1 - - [20/May/2020:16:50:05 +0000] "GET /auth/ HTTP/1.1" 404 144 "-" "PostmanRuntime/7.24.1"
::1 - - [20/May/2020:16:50:09 +0000] "POST /auth/ HTTP/1.1" 200 27 "-" "PostmanRuntime/7.24.1"
::1 - - [20/May/2020:16:50:19 +0000] "POST /auth/ HTTP/1.1" 200 27 "-" "PostmanRuntime/7.24.1"
::1 - - [20/May/2020:16:50:25 +0000] "POST /auth/ HTTP/1.1" 200 27 "-" "PostmanRuntime/7.24.1"
::1 - - [20/May/2020:16:50:34 +0000] "POST /auth/ HTTP/1.1" 200 27 "-" "PostmanRuntime/7.24.1"
::ffff:127.0.0.1 - - [20/May/2020:16:50:47 +0000] "POST /auth/ HTTP/1.1" 200 27 "-" "PostmanRuntime/7.24.1"
::1 - - [20/May/2020:16:50:54 +0000] "POST /auth/ HTTP/1.1" 200 80 "-" "PostmanRuntime/7.24.1"
::1 - - [20/May/2020:16:51:10 +0000] "GET /coffee HTTP/1.1" 200 699 "-" "PostmanRuntime/7.24.1"
::1 - - [20/May/2020:16:51:28 +0000] "GET /coffee/3 HTTP/1.1" 200 137 "-" "PostmanRuntime/7.24.1"
::1 - - [20/May/2020:16:51:50 +0000] "GET /coffee/container/Espresso%20Cup HTTP/1.1" 404 170 "-" "PostmanRuntime/7.24.1"
::1 - - [20/May/2020:16:52:00 +0000] "GET /coffee/search/container/Espresso%20Cup HTTP/1.1" 200 286 "-" "PostmanRuntime/7.24.1"
::1 - - [20/May/2020:16:52:12 +0000] "POST /coffee/ HTTP/1.1" 201 138 "-" "PostmanRuntime/7.24.1"
::1 - - [20/May/2020:16:52:16 +0000] "POST /auth/ HTTP/1.1" 200 80 "-" "PostmanRuntime/7.24.1"
::1 - - [20/May/2020:16:52:18 +0000] "GET /coffee/search/container/Espresso%20Cup HTTP/1.1" 200 286 "-" "PostmanRuntime/7.24.1"
::1 - - [20/May/2020:16:52:23 +0000] "GET /coffee HTTP/1.1" 200 838 "-" "PostmanRuntime/7.24.1"
::1 - - [20/May/2020:16:52:42 +0000] "POST /coffee/ HTTP/1.1" 201 139 "-" "PostmanRuntime/7.24.1"
::1 - - [20/May/2020:16:52:45 +0000] "GET /coffee HTTP/1.1" 200 978 "-" "PostmanRuntime/7.24.1"
::1 - - [20/May/2020:16:53:16 +0000] "POST /coffee/8 HTTP/1.1" 201 139 "-" "PostmanRuntime/7.24.1"
::1 - - [20/May/2020:16:53:24 +0000] "DELETE /coffee/8 HTTP/1.1" 200 58 "-" "PostmanRuntime/7.24.1"
::1 - - [20/May/2020:16:53:28 +0000] "GET /coffee HTTP/1.1" 200 839 "-" "PostmanRuntime/7.24.1"
